<?xml version="1.0" encoding="UTF-8"?>
<!-- Generated by org.testng.reporters.JUnitReportReporter -->
<testsuite skipped="0" hostname="CPU351" name="Scripts.Encrypt_Script" tests="6" failures="0" timestamp="07 Jan 2019 04:45:23 GMT" time="39.911" errors="0">
  <testcase name="settingPage" time="3.469" classname="Scripts.Encrypt_Script"/>
  <testcase name="EncryptPage" time="1.188" classname="Scripts.Encrypt_Script"/>
  <testcase name="EncryptPage" time="12.306" classname="Scripts.Encrypt_Script"/>
  <testcase name="EncryptPage" time="11.496" classname="Scripts.Encrypt_Script"/>
  <testcase name="EncryptPage" time="11.435" classname="Scripts.Encrypt_Script"/>
  <testcase name="EncryptPage" time="0.017" classname="Scripts.Encrypt_Script"/>
</testsuite> <!-- Scripts.Encrypt_Script -->
