<?xml version="1.0" encoding="UTF-8"?>
<!-- Generated by org.testng.reporters.JUnitReportReporter -->
<testsuite skipped="0" hostname="CPU351" name="Scripts.Docstore_Script" tests="4" failures="0" timestamp="07 Jan 2019 04:45:23 GMT" time="74.736" errors="0">
  <testcase name="dash_docStore" time="50.950" classname="Scripts.Docstore_Script"/>
  <testcase name="uploadDoc" time="16.534" classname="Scripts.Docstore_Script"/>
  <testcase name="exprtExcel" time="1.837" classname="Scripts.Docstore_Script"/>
  <testcase name="actions" time="5.415" classname="Scripts.Docstore_Script"/>
</testsuite> <!-- Scripts.Docstore_Script -->
