<?xml version="1.0" encoding="UTF-8"?>
<!-- Generated by org.testng.reporters.JUnitReportReporter -->
<testsuite skipped="0" hostname="CPU351" name="Scripts.Login_Script" tests="1" failures="0" timestamp="07 Jan 2019 05:48:32 GMT" time="5.719" errors="0">
  <testcase name="Login" time="5.719" classname="Scripts.Login_Script"/>
</testsuite> <!-- Scripts.Login_Script -->
