<?xml version="1.0" encoding="UTF-8"?>
<!-- Generated by org.testng.reporters.JUnitReportReporter -->
<testsuite skipped="0" hostname="CPU351" name="Scripts.BulkDoc_Script" tests="6" failures="0" timestamp="07 Jan 2019 04:45:23 GMT" time="60.854" errors="0">
  <testcase name="bulkDoc" time="42.420" classname="Scripts.BulkDoc_Script"/>
  <testcase name="bulkDoc" time="3.043" classname="Scripts.BulkDoc_Script"/>
  <testcase name="bulkDoc" time="4.584" classname="Scripts.BulkDoc_Script"/>
  <testcase name="bulkDoc" time="0.142" classname="Scripts.BulkDoc_Script"/>
  <testcase name="bulkDoc" time="0.331" classname="Scripts.BulkDoc_Script"/>
  <testcase name="bulkDoc" time="10.334" classname="Scripts.BulkDoc_Script"/>
</testsuite> <!-- Scripts.BulkDoc_Script -->
