<?xml version="1.0" encoding="UTF-8"?>
<!-- Generated by org.testng.reporters.JUnitReportReporter -->
<testsuite skipped="0" hostname="CPU351" name="Scripts.Form16Sign_Script" tests="8" failures="0" timestamp="07 Jan 2019 04:45:23 GMT" time="103.873" errors="0">
  <testcase name="Form16Sign1" time="4.700" classname="Scripts.Form16Sign_Script"/>
  <testcase name="Form16Sign1" time="42.694" classname="Scripts.Form16Sign_Script"/>
  <testcase name="Form16Sign1" time="7.535" classname="Scripts.Form16Sign_Script"/>
  <testcase name="Form16Sign1" time="33.466" classname="Scripts.Form16Sign_Script"/>
  <testcase name="Form16Sign1" time="0.467" classname="Scripts.Form16Sign_Script"/>
  <testcase name="Form16Sign1" time="0.248" classname="Scripts.Form16Sign_Script"/>
  <testcase name="Form16Sign1" time="9.548" classname="Scripts.Form16Sign_Script"/>
  <testcase name="Form16Sign1" time="5.215" classname="Scripts.Form16Sign_Script"/>
</testsuite> <!-- Scripts.Form16Sign_Script -->
