<?xml version="1.0" encoding="UTF-8"?>
<!-- Generated by org.testng.reporters.JUnitReportReporter -->
<testsuite skipped="0" hostname="CPU351" name="Scripts.AnyDoc_Script" tests="4" failures="0" timestamp="07 Jan 2019 04:45:23 GMT" time="79.553" errors="0">
  <testcase name="anyDoc" time="44.783" classname="Scripts.AnyDoc_Script"/>
  <testcase name="anyDoc" time="1.504" classname="Scripts.AnyDoc_Script"/>
  <testcase name="anyDoc" time="9.208" classname="Scripts.AnyDoc_Script"/>
  <testcase name="dsignanyDoc" time="24.058" classname="Scripts.AnyDoc_Script"/>
</testsuite> <!-- Scripts.AnyDoc_Script -->
