<?xml version="1.0" encoding="UTF-8"?>
<!-- Generated by org.testng.reporters.JUnitReportReporter -->
<testsuite skipped="0" hostname="CPU351" name="Scripts.AdminSettings_Script" tests="21" failures="0" timestamp="07 Jan 2019 04:45:23 GMT" time="201.006" errors="0">
  <testcase name="settingPage" time="2.133" classname="Scripts.AdminSettings_Script"/>
  <testcase name="manageDept" time="0.002" classname="Scripts.AdminSettings_Script"/>
  <testcase name="manageDept" time="3.767" classname="Scripts.AdminSettings_Script"/>
  <testcase name="manageDept" time="3.342" classname="Scripts.AdminSettings_Script"/>
  <testcase name="manageDept" time="0.002" classname="Scripts.AdminSettings_Script"/>
  <testcase name="manageDept" time="0.001" classname="Scripts.AdminSettings_Script"/>
  <testcase name="manageDept" time="1.193" classname="Scripts.AdminSettings_Script"/>
  <testcase name="manageDept" time="5.138" classname="Scripts.AdminSettings_Script"/>
  <testcase name="manageDept" time="5.389" classname="Scripts.AdminSettings_Script"/>
  <testcase name="manageDept" time="6.244" classname="Scripts.AdminSettings_Script"/>
  <testcase name="manageUsers" time="0.000" classname="Scripts.AdminSettings_Script"/>
  <testcase name="manageUsers" time="0.000" classname="Scripts.AdminSettings_Script"/>
  <testcase name="manageUsers" time="21.104" classname="Scripts.AdminSettings_Script"/>
  <testcase name="manageUsers" time="5.690" classname="Scripts.AdminSettings_Script"/>
  <testcase name="manageUsers" time="6.465" classname="Scripts.AdminSettings_Script"/>
  <testcase name="manageUsers" time="0.002" classname="Scripts.AdminSettings_Script"/>
  <testcase name="manageUsers" time="0.004" classname="Scripts.AdminSettings_Script"/>
  <testcase name="manageUsers" time="0.001" classname="Scripts.AdminSettings_Script"/>
  <testcase name="manageUsers" time="0.001" classname="Scripts.AdminSettings_Script"/>
  <testcase name="manageUsers" time="109.859" classname="Scripts.AdminSettings_Script"/>
  <testcase name="activityLog" time="30.669" classname="Scripts.AdminSettings_Script"/>
</testsuite> <!-- Scripts.AdminSettings_Script -->
