<?xml version="1.0" encoding="UTF-8"?>
<!-- Generated by org.testng.reporters.JUnitReportReporter -->
<testsuite skipped="0" hostname="CPU351" name="Scripts.Logout_Script" tests="1" failures="0" timestamp="07 Jan 2019 04:45:23 GMT" time="3.262" errors="0">
  <testcase name="Logout" time="3.262" classname="Scripts.Logout_Script"/>
</testsuite> <!-- Scripts.Logout_Script -->
