<?xml version="1.0" encoding="UTF-8"?>
<!-- Generated by org.testng.reporters.JUnitReportReporter -->
<testsuite skipped="0" hostname="CPU351" name="Scripts.Decrypt_Script" tests="5" failures="0" timestamp="07 Jan 2019 04:45:23 GMT" time="37.292" errors="0">
  <testcase name="settingPage" time="3.142" classname="Scripts.Decrypt_Script"/>
  <testcase name="DecryptPage" time="31.861" classname="Scripts.Decrypt_Script"/>
  <testcase name="DecryptPage" time="0.016" classname="Scripts.Decrypt_Script"/>
  <testcase name="DecryptPage" time="2.272" classname="Scripts.Decrypt_Script"/>
  <testcase name="DecryptPage" time="0.001" classname="Scripts.Decrypt_Script"/>
</testsuite> <!-- Scripts.Decrypt_Script -->
